2013/11/17 12:50:52 [error] [exception.CHttpException.404] exception 'CHttpException' with message 'The system is unable to find the requested action "index".' in C:\xampp\htdocs\yii\framework\web\CController.php:483
Stack trace:
#0 C:\xampp\htdocs\yii\framework\web\CController.php(270): CController->missingAction('')
#1 C:\xampp\htdocs\yii\framework\web\CWebApplication.php(282): CController->run('')
#2 C:\xampp\htdocs\yii\framework\web\CWebApplication.php(141): CWebApplication->runController('pushText')
#3 C:\xampp\htdocs\yii\framework\base\CApplication.php(180): CWebApplication->processRequest()
#4 C:\xampp\htdocs\pushdump\index.php(13): CApplication->run()
#5 {main}
REQUEST_URI=/pushdump/index.php?r=pushText
HTTP_REFERER=http://localhost/pushdump/index.php?r=gii/controller/index
---
2013/12/01 13:43:25 [error] [exception.CHttpException.404] exception 'CHttpException' with message 'The system is unable to find the requested action "starter-template.css".' in C:\xampp\htdocs\yii\framework\web\CController.php:483
Stack trace:
#0 C:\xampp\htdocs\yii\framework\web\CController.php(270): CController->missingAction('starter-templat...')
#1 C:\xampp\htdocs\yii\framework\web\CWebApplication.php(282): CController->run('starter-templat...')
#2 C:\xampp\htdocs\yii\framework\web\CWebApplication.php(141): CWebApplication->runController('site/starter-te...')
#3 C:\xampp\htdocs\yii\framework\base\CApplication.php(180): CWebApplication->processRequest()
#4 C:\xampp\htdocs\pushdump\index.php(13): CApplication->run()
#5 {main}
REQUEST_URI=/pushdump/index.php/site/starter-template.css
HTTP_REFERER=http://localhost/pushdump/index.php/site/index
---
2013/12/01 13:46:50 [error] [exception.CHttpException.404] exception 'CHttpException' with message 'The system is unable to find the requested action "starter-template.css".' in C:\xampp\htdocs\yii\framework\web\CController.php:483
Stack trace:
#0 C:\xampp\htdocs\yii\framework\web\CController.php(270): CController->missingAction('starter-templat...')
#1 C:\xampp\htdocs\yii\framework\web\CWebApplication.php(282): CController->run('starter-templat...')
#2 C:\xampp\htdocs\yii\framework\web\CWebApplication.php(141): CWebApplication->runController('site/starter-te...')
#3 C:\xampp\htdocs\yii\framework\base\CApplication.php(180): CWebApplication->processRequest()
#4 C:\xampp\htdocs\pushdump\index.php(13): CApplication->run()
#5 {main}
REQUEST_URI=/pushdump/index.php/site/starter-template.css
HTTP_REFERER=http://localhost/pushdump/index.php/site/index
---
2013/12/01 15:49:17 [error] [exception.CHttpException.404] exception 'CHttpException' with message 'The system is unable to find the requested action "starter-template.css".' in C:\xampp\htdocs\yii\framework\web\CController.php:483
Stack trace:
#0 C:\xampp\htdocs\yii\framework\web\CController.php(270): CController->missingAction('starter-templat...')
#1 C:\xampp\htdocs\yii\framework\web\CWebApplication.php(282): CController->run('starter-templat...')
#2 C:\xampp\htdocs\yii\framework\web\CWebApplication.php(141): CWebApplication->runController('site/starter-te...')
#3 C:\xampp\htdocs\yii\framework\base\CApplication.php(180): CWebApplication->processRequest()
#4 C:\xampp\htdocs\pushdump\index.php(13): CApplication->run()
#5 {main}
REQUEST_URI=/pushdump/index.php/site/starter-template.css
HTTP_REFERER=http://localhost/pushdump/index.php/site/index
---
2013/12/01 15:49:20 [error] [exception.CHttpException.404] exception 'CHttpException' with message 'The system is unable to find the requested action "starter-template.css".' in C:\xampp\htdocs\yii\framework\web\CController.php:483
Stack trace:
#0 C:\xampp\htdocs\yii\framework\web\CController.php(270): CController->missingAction('starter-templat...')
#1 C:\xampp\htdocs\yii\framework\web\CWebApplication.php(282): CController->run('starter-templat...')
#2 C:\xampp\htdocs\yii\framework\web\CWebApplication.php(141): CWebApplication->runController('site/starter-te...')
#3 C:\xampp\htdocs\yii\framework\base\CApplication.php(180): CWebApplication->processRequest()
#4 C:\xampp\htdocs\pushdump\index.php(13): CApplication->run()
#5 {main}
REQUEST_URI=/pushdump/index.php/site/starter-template.css
HTTP_REFERER=http://localhost/pushdump/index.php/site/index
---
2013/12/01 15:49:22 [error] [exception.CHttpException.404] exception 'CHttpException' with message 'The system is unable to find the requested action "starter-template.css".' in C:\xampp\htdocs\yii\framework\web\CController.php:483
Stack trace:
#0 C:\xampp\htdocs\yii\framework\web\CController.php(270): CController->missingAction('starter-templat...')
#1 C:\xampp\htdocs\yii\framework\web\CWebApplication.php(282): CController->run('starter-templat...')
#2 C:\xampp\htdocs\yii\framework\web\CWebApplication.php(141): CWebApplication->runController('site/starter-te...')
#3 C:\xampp\htdocs\yii\framework\base\CApplication.php(180): CWebApplication->processRequest()
#4 C:\xampp\htdocs\pushdump\index.php(13): CApplication->run()
#5 {main}
REQUEST_URI=/pushdump/index.php/site/starter-template.css
HTTP_REFERER=http://localhost/pushdump/index.php/site/index
---
2013/12/01 15:49:23 [error] [exception.CHttpException.404] exception 'CHttpException' with message 'The system is unable to find the requested action "starter-template.css".' in C:\xampp\htdocs\yii\framework\web\CController.php:483
Stack trace:
#0 C:\xampp\htdocs\yii\framework\web\CController.php(270): CController->missingAction('starter-templat...')
#1 C:\xampp\htdocs\yii\framework\web\CWebApplication.php(282): CController->run('starter-templat...')
#2 C:\xampp\htdocs\yii\framework\web\CWebApplication.php(141): CWebApplication->runController('site/starter-te...')
#3 C:\xampp\htdocs\yii\framework\base\CApplication.php(180): CWebApplication->processRequest()
#4 C:\xampp\htdocs\pushdump\index.php(13): CApplication->run()
#5 {main}
REQUEST_URI=/pushdump/index.php/site/starter-template.css
HTTP_REFERER=http://localhost/pushdump/index.php/site/index
---
2013/12/01 15:49:24 [error] [exception.CHttpException.404] exception 'CHttpException' with message 'The system is unable to find the requested action "starter-template.css".' in C:\xampp\htdocs\yii\framework\web\CController.php:483
Stack trace:
#0 C:\xampp\htdocs\yii\framework\web\CController.php(270): CController->missingAction('starter-templat...')
#1 C:\xampp\htdocs\yii\framework\web\CWebApplication.php(282): CController->run('starter-templat...')
#2 C:\xampp\htdocs\yii\framework\web\CWebApplication.php(141): CWebApplication->runController('site/starter-te...')
#3 C:\xampp\htdocs\yii\framework\base\CApplication.php(180): CWebApplication->processRequest()
#4 C:\xampp\htdocs\pushdump\index.php(13): CApplication->run()
#5 {main}
REQUEST_URI=/pushdump/index.php/site/starter-template.css
HTTP_REFERER=http://localhost/pushdump/index.php/site/index
---
2013/12/01 15:49:25 [error] [exception.CHttpException.404] exception 'CHttpException' with message 'The system is unable to find the requested action "starter-template.css".' in C:\xampp\htdocs\yii\framework\web\CController.php:483
Stack trace:
#0 C:\xampp\htdocs\yii\framework\web\CController.php(270): CController->missingAction('starter-templat...')
#1 C:\xampp\htdocs\yii\framework\web\CWebApplication.php(282): CController->run('starter-templat...')
#2 C:\xampp\htdocs\yii\framework\web\CWebApplication.php(141): CWebApplication->runController('site/starter-te...')
#3 C:\xampp\htdocs\yii\framework\base\CApplication.php(180): CWebApplication->processRequest()
#4 C:\xampp\htdocs\pushdump\index.php(13): CApplication->run()
#5 {main}
REQUEST_URI=/pushdump/index.php/site/starter-template.css
HTTP_REFERER=http://localhost/pushdump/index.php/site/index
---
2013/12/01 15:49:26 [error] [exception.CHttpException.404] exception 'CHttpException' with message 'The system is unable to find the requested action "starter-template.css".' in C:\xampp\htdocs\yii\framework\web\CController.php:483
Stack trace:
#0 C:\xampp\htdocs\yii\framework\web\CController.php(270): CController->missingAction('starter-templat...')
#1 C:\xampp\htdocs\yii\framework\web\CWebApplication.php(282): CController->run('starter-templat...')
#2 C:\xampp\htdocs\yii\framework\web\CWebApplication.php(141): CWebApplication->runController('site/starter-te...')
#3 C:\xampp\htdocs\yii\framework\base\CApplication.php(180): CWebApplication->processRequest()
#4 C:\xampp\htdocs\pushdump\index.php(13): CApplication->run()
#5 {main}
REQUEST_URI=/pushdump/index.php/site/starter-template.css
HTTP_REFERER=http://localhost/pushdump/index.php/site/index
---
2013/12/01 15:49:26 [error] [exception.CHttpException.404] exception 'CHttpException' with message 'The system is unable to find the requested action "starter-template.css".' in C:\xampp\htdocs\yii\framework\web\CController.php:483
Stack trace:
#0 C:\xampp\htdocs\yii\framework\web\CController.php(270): CController->missingAction('starter-templat...')
#1 C:\xampp\htdocs\yii\framework\web\CWebApplication.php(282): CController->run('starter-templat...')
#2 C:\xampp\htdocs\yii\framework\web\CWebApplication.php(141): CWebApplication->runController('site/starter-te...')
#3 C:\xampp\htdocs\yii\framework\base\CApplication.php(180): CWebApplication->processRequest()
#4 C:\xampp\htdocs\pushdump\index.php(13): CApplication->run()
#5 {main}
REQUEST_URI=/pushdump/index.php/site/starter-template.css
HTTP_REFERER=http://localhost/pushdump/index.php/site/index
---
2013/12/01 15:49:27 [error] [exception.CHttpException.404] exception 'CHttpException' with message 'The system is unable to find the requested action "starter-template.css".' in C:\xampp\htdocs\yii\framework\web\CController.php:483
Stack trace:
#0 C:\xampp\htdocs\yii\framework\web\CController.php(270): CController->missingAction('starter-templat...')
#1 C:\xampp\htdocs\yii\framework\web\CWebApplication.php(282): CController->run('starter-templat...')
#2 C:\xampp\htdocs\yii\framework\web\CWebApplication.php(141): CWebApplication->runController('site/starter-te...')
#3 C:\xampp\htdocs\yii\framework\base\CApplication.php(180): CWebApplication->processRequest()
#4 C:\xampp\htdocs\pushdump\index.php(13): CApplication->run()
#5 {main}
REQUEST_URI=/pushdump/index.php/site/starter-template.css
HTTP_REFERER=http://localhost/pushdump/index.php/site/index
---
2013/12/01 15:49:27 [error] [exception.CHttpException.404] exception 'CHttpException' with message 'The system is unable to find the requested action "starter-template.css".' in C:\xampp\htdocs\yii\framework\web\CController.php:483
Stack trace:
#0 C:\xampp\htdocs\yii\framework\web\CController.php(270): CController->missingAction('starter-templat...')
#1 C:\xampp\htdocs\yii\framework\web\CWebApplication.php(282): CController->run('starter-templat...')
#2 C:\xampp\htdocs\yii\framework\web\CWebApplication.php(141): CWebApplication->runController('site/starter-te...')
#3 C:\xampp\htdocs\yii\framework\base\CApplication.php(180): CWebApplication->processRequest()
#4 C:\xampp\htdocs\pushdump\index.php(13): CApplication->run()
#5 {main}
REQUEST_URI=/pushdump/index.php/site/starter-template.css
HTTP_REFERER=http://localhost/pushdump/index.php/site/index
---
